
________________________________________________________________________________________________________________________
THREE ADDRESS CODE (TAC): 
________________________________________________________________________________________________________________________
0:     t0 = 10
1:     x = t0
2:     t1 = 9.8
3:     y = t1
4:     t2 = 10
5:     t3 = 5
6:     t4 = 10

7: main: 
8:     t0 = 120
9:     a = t0
10:     t1 = 17
11:     b = t1
12:     t2 = 'c'
13:     ch = t2
14:     t3 = 'a'
15:     d = t3
16:     t4 = x + b
17:     r1 = t4
18:     t6 = x - b
19:     r2 = t6
20:     t8 = x * b
21:     r3 = t8
22:     t10 = x / b
23:     r4 = t10
24:     t12 = x % b
25:     r5 = t12
26:     t14 = x & b
27:     r6 = t14
28:     t16 = x | b
29:     r7 = t16
30:     t18 = 2
31:     t19 = a << t18
32:     t20 = int2float(t19)
33:     y = t20
34:     t21 = 1
35:     t22 = b >> t21
36:     x = t22
37:     t24 = 0
38:     return t24
__________________________________________________________________________________________________________________________________
__________________________________________________________________________________________________________________________________
Table Name: Global                                                Parent Name: NULL
__________________________________________________________________________________________________________________________________
Name                                    Type                Initial Value       Size           Offset         Nested
                                                                                                    
x                                       int                 10                  4              0              NULL
t0                                      int                 10                  4              4              NULL
q                                       int                 -                   4              8              NULL
y                                       float               9.8                 8              12             NULL
t1                                      float               9.8                 8              20             NULL
p                                       float               -                   8              28             NULL
c                                       char                -                   1              36             NULL
arr1                                    arr(10,int)         -                   40             37             NULL
t2                                      int                 10                  4              77             NULL
arr2                                    arr(5,arr(10,float))-                   400            81             NULL
t3                                      int                 5                   4              481            NULL
t4                                      int                 10                  4              485            NULL
ptr                                     ptr(int)            -                   4              489            NULL
division                                void                -                   0              493            division
main                                    void                -                   0              493            main
----------------------------------------------------------------------------------------------------------------------------------

__________________________________________________________________________________________________________________________________
Table Name: division                                              Parent Name: Global
__________________________________________________________________________________________________________________________________
Name                                    Type                Initial Value       Size           Offset         Nested
                                                                                                    
i                                       int                 -                   4              0              NULL
d                                       float               -                   8              4              NULL
----------------------------------------------------------------------------------------------------------------------------------

__________________________________________________________________________________________________________________________________
Table Name: main                                                  Parent Name: Global
__________________________________________________________________________________________________________________________________
Name                                    Type                Initial Value       Size           Offset         Nested
                                                                                                    
a                                       int                 120                 4              0              NULL
t0                                      int                 120                 4              4              NULL
b                                       int                 17                  4              8              NULL
t1                                      int                 17                  4              12             NULL
r1                                      int                 -                   4              16             NULL
r2                                      int                 -                   4              20             NULL
r3                                      int                 -                   4              24             NULL
r4                                      int                 -                   4              28             NULL
r5                                      int                 -                   4              32             NULL
r6                                      int                 -                   4              36             NULL
r7                                      int                 -                   4              40             NULL
ch                                      char                'c'                 1              44             NULL
t2                                      char                'c'                 1              45             NULL
d                                       char                'a'                 1              46             NULL
t3                                      char                'a'                 1              47             NULL
t4                                      int                                     4              48             NULL
t5                                      int                                     4              52             NULL
t6                                      int                                     4              56             NULL
t7                                      int                                     4              60             NULL
t8                                      int                                     4              64             NULL
t9                                      int                                     4              68             NULL
t10                                     int                                     4              72             NULL
t11                                     int                                     4              76             NULL
t12                                     int                                     4              80             NULL
t13                                     int                                     4              84             NULL
t14                                     int                                     4              88             NULL
t15                                     int                                     4              92             NULL
t16                                     int                                     4              96             NULL
t17                                     int                                     4              100            NULL
t18                                     int                 2                   4              104            NULL
t19                                     int                                     4              108            NULL
t20                                     float                                   8              112            NULL
t21                                     int                 1                   4              120            NULL
t22                                     int                                     4              124            NULL
t23                                     int                                     4              128            NULL
t24                                     int                 0                   4              132            NULL
----------------------------------------------------------------------------------------------------------------------------------

