
________________________________________________________________________________________________________________________
THREE ADDRESS CODE (TAC): 
________________________________________________________________________________________________________________________

0: factorial: 
1:     t0 = 2
2:     if n < t0 goto 5
3:     goto 17
4:     goto 17

5: factorial.$0: 
6:     t0 = 0
7:     if n < t0 goto 10
8:     goto 14
9:     goto 14
10:     t1 = 1
11:     t2 = -t1
12:     return t2
13:     goto 14
14:     t3 = 1
15:     return t3
16:     goto 17
17:     t1 = 1
18:     t2 = n - t1
19:     param t2
20:     t3 = call factorial, 1
21:     t4 = n * t3
22:     return t4

23: main: 
24:     t0 = 2
25:     flag = t0
26:     t1 = 0
27:     if flag == t1 goto 30
28:     goto 36
29:     goto 48

30: main.$0: 
31:     t0 = 100
32:     a = t0
33:     t2 = 25
34:     b = t2
35:     goto 48

36: main.$1: 
37:     t0 = 20
38:     a = t0
39:     t2 = 1
40:     if flag == t2 goto 43
41:     goto 46
42:     goto 48
43:     t3 = 5
44:     b = t3
45:     goto 48
46:     t5 = 4
47:     b = t5
48:     t2 = 5
49:     param t2
50:     t3 = call factorial, 1
51:     fact = t3
52:     t5 = 1
53:     goto 63
54:     param t6
55:     t7 = call printf, 1
56:     goto 61
57:     param t8
58:     t9 = call printf, 1
59:     t10 = t9
60:     goto 65
61:     t10 = t7
62:     goto 65
63:     if t10 == 0 goto 57
64:     goto 54
65:     t11 = 0
66:     return t11
__________________________________________________________________________________________________________________________________
__________________________________________________________________________________________________________________________________
Table Name: Global                                                Parent Name: NULL
__________________________________________________________________________________________________________________________________
Name                                    Type                Initial Value       Size           Offset         Nested
                                                                                                    
factorial                               int                 -                   4              0              factorial
main                                    int                 -                   4              4              main
----------------------------------------------------------------------------------------------------------------------------------

__________________________________________________________________________________________________________________________________
Table Name: factorial                                             Parent Name: Global
__________________________________________________________________________________________________________________________________
Name                                    Type                Initial Value       Size           Offset         Nested
                                                                                                    
n                                       int                 -                   4              0              NULL
return                                  int                 -                   4              4              NULL
t0                                      int                 2                   4              8              NULL
factorial.$0                            block               -                   4              12             factorial.$0
t1                                      int                 1                   4              16             NULL
t2                                      int                                     4              20             NULL
t3                                      int                                     4              24             NULL
t4                                      int                                     4              28             NULL
----------------------------------------------------------------------------------------------------------------------------------

__________________________________________________________________________________________________________________________________
Table Name: factorial.$0                                          Parent Name: factorial
__________________________________________________________________________________________________________________________________
Name                                    Type                Initial Value       Size           Offset         Nested
                                                                                                    
t0                                      int                 0                   4              0              NULL
t1                                      int                 1                   4              4              NULL
t2                                      int                                     4              8              NULL
t3                                      int                 1                   4              12             NULL
----------------------------------------------------------------------------------------------------------------------------------

__________________________________________________________________________________________________________________________________
Table Name: main                                                  Parent Name: Global
__________________________________________________________________________________________________________________________________
Name                                    Type                Initial Value       Size           Offset         Nested
                                                                                                    
return                                  int                 -                   4              0              NULL
a                                       int                 -                   4              4              NULL
b                                       int                 -                   4              8              NULL
fact                                    int                 -                   4              12             NULL
flag                                    int                 2                   4              16             NULL
t0                                      int                 2                   4              20             NULL
t1                                      int                 0                   4              24             NULL
main.$0                                 block               -                   4              28             main.$0
main.$1                                 block               -                   4              32             main.$1
t2                                      int                 5                   4              36             NULL
t3                                      int                                     4              40             NULL
t4                                      int                                     4              44             NULL
t5                                      int                 1                   4              48             NULL
printf                                  int                 -                   4              52             NULL
t6                                      ptr(char)           "n>=5"              4              56             NULL
t7                                      int                                     4              60             NULL
t8                                      ptr(char)           "n<5"               4              64             NULL
t9                                      int                                     4              68             NULL
t10                                     int                                     4              72             NULL
t11                                     int                 0                   4              76             NULL
----------------------------------------------------------------------------------------------------------------------------------

__________________________________________________________________________________________________________________________________
Table Name: main.$0                                               Parent Name: main
__________________________________________________________________________________________________________________________________
Name                                    Type                Initial Value       Size           Offset         Nested
                                                                                                    
t0                                      int                 100                 4              0              NULL
t1                                      int                                     4              4              NULL
t2                                      int                 25                  4              8              NULL
t3                                      int                                     4              12             NULL
----------------------------------------------------------------------------------------------------------------------------------

__________________________________________________________________________________________________________________________________
Table Name: main.$1                                               Parent Name: main
__________________________________________________________________________________________________________________________________
Name                                    Type                Initial Value       Size           Offset         Nested
                                                                                                    
t0                                      int                 20                  4              0              NULL
t1                                      int                                     4              4              NULL
t2                                      int                 1                   4              8              NULL
t3                                      int                 5                   4              12             NULL
t4                                      int                                     4              16             NULL
t5                                      int                 4                   4              20             NULL
t6                                      int                                     4              24             NULL
----------------------------------------------------------------------------------------------------------------------------------

