
________________________________________________________________________________________________________________________
THREE ADDRESS CODE (TAC): 
________________________________________________________________________________________________________________________

0: grade: 
1:     t0 = 90
2:     if n > t0 goto 5
3:     goto 8
4:     goto 27
5:     t1 = 'A'
6:     ans = t1
7:     goto 27
8:     t3 = 60
9:     if n > t3 goto 11
10:     goto 18
11:     t4 = 90
12:     if n <= t4 goto 15
13:     goto 18
14:     goto 27
15:     t5 = 'B'
16:     ans = t5
17:     goto 27
18:     t7 = 30
19:     if n > t7 goto 22
20:     goto 25
21:     goto 27
22:     t8 = 'P'
23:     ans = t8
24:     goto 27
25:     t10 = 'F'
26:     ans = t10
27:     return ans

28: min: 
29:     if x > y goto 32
30:     goto 33
31:     goto 37
32:     goto 35
33:     t0 = x
34:     goto 37
35:     t0 = y
36:     goto 37
37:     ans = t0
38:     return ans

39: max: 
40:     if x > y goto 43
41:     goto 44
42:     goto 48
43:     goto 46
44:     t0 = y
45:     goto 48
46:     t0 = x
47:     goto 48
48:     ans = t0
49:     return ans

50: cal: 
51:     param a
52:     param b
53:     t0 = call min, 2
54:     i = t0
55:     param a
56:     param b
57:     t2 = call max, 2
58:     j = t2
59:     t4 = j - i
60:     d = t4
61:     return d

62: main: 
63:     t0 = 10
64:     a = t0
65:     t2 = 5
66:     b = t2
67:     param a
68:     param b
69:     t4 = call cal, 2
70:     d = t4
71:     t6 = 75
72:     n = t6
73:     param n
74:     t7 = call grade, 1
75:     result = t7
76:     t8 = 'A'
77:     if result == t8 goto 80
78:     goto 84
79:     goto 92

80: main.$0: 
81:     param t0
82:     t1 = call printf, 1
83:     goto 92
84:     t9 = 'B'
85:     if result == t9 goto 88
86:     goto 92
87:     goto 92

88: main.$1: 
89:     param t0
90:     t1 = call printf, 1
91:     goto 92
92:     t10 = 0
93:     return t10
__________________________________________________________________________________________________________________________________
__________________________________________________________________________________________________________________________________
Table Name: Global                                                Parent Name: NULL
__________________________________________________________________________________________________________________________________
Name                                    Type                Initial Value       Size           Offset         Nested
                                                                                                    
grade                                   char                -                   1              0              grade
min                                     int                 -                   4              1              min
max                                     int                 -                   4              5              max
a                                       int                 -                   4              9              NULL
cal                                     int                 -                   4              13             cal
main                                    int                 -                   4              17             main
----------------------------------------------------------------------------------------------------------------------------------

__________________________________________________________________________________________________________________________________
Table Name: grade                                                 Parent Name: Global
__________________________________________________________________________________________________________________________________
Name                                    Type                Initial Value       Size           Offset         Nested
                                                                                                    
n                                       int                 -                   4              0              NULL
return                                  char                -                   1              4              NULL
ans                                     char                -                   1              5              NULL
t0                                      int                 90                  4              6              NULL
t1                                      char                'A'                 1              10             NULL
t2                                      char                                    1              11             NULL
t3                                      int                 60                  4              12             NULL
t4                                      int                 90                  4              16             NULL
t5                                      char                'B'                 1              20             NULL
t6                                      char                                    1              21             NULL
t7                                      int                 30                  4              22             NULL
t8                                      char                'P'                 1              26             NULL
t9                                      char                                    1              27             NULL
t10                                     char                'F'                 1              28             NULL
t11                                     char                                    1              29             NULL
----------------------------------------------------------------------------------------------------------------------------------

__________________________________________________________________________________________________________________________________
Table Name: min                                                   Parent Name: Global
__________________________________________________________________________________________________________________________________
Name                                    Type                Initial Value       Size           Offset         Nested
                                                                                                    
x                                       int                 -                   4              0              NULL
y                                       int                 -                   4              4              NULL
return                                  int                 -                   4              8              NULL
ans                                     int                 -                   4              12             NULL
t0                                      int                                     4              16             NULL
t1                                      int                                     4              20             NULL
----------------------------------------------------------------------------------------------------------------------------------

__________________________________________________________________________________________________________________________________
Table Name: max                                                   Parent Name: Global
__________________________________________________________________________________________________________________________________
Name                                    Type                Initial Value       Size           Offset         Nested
                                                                                                    
x                                       int                 -                   4              0              NULL
y                                       int                 -                   4              4              NULL
return                                  int                 -                   4              8              NULL
ans                                     int                 -                   4              12             NULL
t0                                      int                                     4              16             NULL
t1                                      int                                     4              20             NULL
----------------------------------------------------------------------------------------------------------------------------------

__________________________________________________________________________________________________________________________________
Table Name: cal                                                   Parent Name: Global
__________________________________________________________________________________________________________________________________
Name                                    Type                Initial Value       Size           Offset         Nested
                                                                                                    
a                                       int                 -                   4              0              NULL
b                                       int                 -                   4              4              NULL
return                                  int                 -                   4              8              NULL
i                                       int                 -                   4              12             NULL
j                                       int                 -                   4              16             NULL
d                                       int                 -                   4              20             NULL
t0                                      int                                     4              24             NULL
t1                                      int                                     4              28             NULL
t2                                      int                                     4              32             NULL
t3                                      int                                     4              36             NULL
t4                                      int                                     4              40             NULL
t5                                      int                                     4              44             NULL
----------------------------------------------------------------------------------------------------------------------------------

__________________________________________________________________________________________________________________________________
Table Name: main                                                  Parent Name: Global
__________________________________________________________________________________________________________________________________
Name                                    Type                Initial Value       Size           Offset         Nested
                                                                                                    
return                                  int                 -                   4              0              NULL
b                                       int                 -                   4              4              NULL
d                                       int                 -                   4              8              NULL
t0                                      int                 10                  4              12             NULL
t1                                      int                                     4              16             NULL
t2                                      int                 5                   4              20             NULL
t3                                      int                                     4              24             NULL
t4                                      int                                     4              28             NULL
t5                                      int                                     4              32             NULL
n                                       int                 75                  4              36             NULL
t6                                      int                 75                  4              40             NULL
result                                  char                -                   1              44             NULL
t7                                      char                                    1              45             NULL
t8                                      char                'A'                 1              46             NULL
main.$0                                 block               -                   4              47             main.$0
t9                                      char                'B'                 1              51             NULL
main.$1                                 block               -                   4              52             main.$1
t10                                     int                 0                   4              56             NULL
----------------------------------------------------------------------------------------------------------------------------------

__________________________________________________________________________________________________________________________________
Table Name: main.$0                                               Parent Name: main
__________________________________________________________________________________________________________________________________
Name                                    Type                Initial Value       Size           Offset         Nested
                                                                                                    
printf                                  int                 -                   4              0              NULL
t0                                      ptr(char)           "Excellent!!"       4              4              NULL
t1                                      int                                     4              8              NULL
----------------------------------------------------------------------------------------------------------------------------------

__________________________________________________________________________________________________________________________________
Table Name: main.$1                                               Parent Name: main
__________________________________________________________________________________________________________________________________
Name                                    Type                Initial Value       Size           Offset         Nested
                                                                                                    
printf                                  int                 -                   4              0              NULL
t0                                      ptr(char)           "Fair!!"            4              4              NULL
t1                                      int                                     4              8              NULL
----------------------------------------------------------------------------------------------------------------------------------

