
________________________________________________________________________________________________________________________
THREE ADDRESS CODE (TAC): 
________________________________________________________________________________________________________________________

0: twiceAndHalf: 
1:     t0 = *a
2:     t1 = *a
3:     t2 = 2
4:     t3 = t1 * t2
5:     *a = t3
6:     t4 = *b
7:     t5 = *b
8:     t6 = 2
9:     t7 = t5 / t6
10:     *b = t7
11:     return 

12: division: 
13:     t0 = int2float(b)
14:     t1 = a / t0
15:     res = t1
16:     t3 = float2int(res)
17:     resint = t3
18:     return res

19: main: 
20:     t0 = 0
21:     q = t0
22:     t1 = 0
23:     r = t1
24:     t2 = 20.5
25:     x = t2
26:     param x
27:     t3 = 3
28:     param t3
29:     t4 = call division, 2
30:     q = t4
31:     t6 = 10
32:     r = t6
33:     t8 = &q
34:     param t8
35:     t9 = &r
36:     param t9
37:     t10 = call twiceAndHalf, 2
38:     return 
__________________________________________________________________________________________________________________________________
__________________________________________________________________________________________________________________________________
Table Name: Global                                                Parent Name: NULL
__________________________________________________________________________________________________________________________________
Name                                    Type                Initial Value       Size           Offset         Nested
                                                                                                    
twiceAndHalf                            void                -                   0              0              twiceAndHalf
division                                int                 -                   4              0              division
main                                    int                 -                   4              4              main
----------------------------------------------------------------------------------------------------------------------------------

__________________________________________________________________________________________________________________________________
Table Name: twiceAndHalf                                          Parent Name: Global
__________________________________________________________________________________________________________________________________
Name                                    Type                Initial Value       Size           Offset         Nested
                                                                                                    
a                                       ptr(int)            -                   4              0              NULL
b                                       ptr(int)            -                   4              4              NULL
t0                                      int                                     4              8              NULL
t1                                      int                                     4              12             NULL
t2                                      int                 2                   4              16             NULL
t3                                      int                                     4              20             NULL
t4                                      int                                     4              24             NULL
t5                                      int                                     4              28             NULL
t6                                      int                 2                   4              32             NULL
t7                                      int                                     4              36             NULL
----------------------------------------------------------------------------------------------------------------------------------

__________________________________________________________________________________________________________________________________
Table Name: division                                              Parent Name: Global
__________________________________________________________________________________________________________________________________
Name                                    Type                Initial Value       Size           Offset         Nested
                                                                                                    
a                                       float               -                   8              0              NULL
b                                       int                 -                   4              8              NULL
return                                  int                 -                   4              12             NULL
res                                     float               -                   8              16             NULL
resint                                  int                 -                   4              24             NULL
t0                                      float                                   8              28             NULL
t1                                      float                                   8              36             NULL
t2                                      float                                   8              44             NULL
t3                                      int                                     4              52             NULL
----------------------------------------------------------------------------------------------------------------------------------

__________________________________________________________________________________________________________________________________
Table Name: main                                                  Parent Name: Global
__________________________________________________________________________________________________________________________________
Name                                    Type                Initial Value       Size           Offset         Nested
                                                                                                    
return                                  int                 -                   4              0              NULL
q                                       int                 0                   4              4              NULL
t0                                      int                 0                   4              8              NULL
r                                       int                 0                   4              12             NULL
t1                                      int                 0                   4              16             NULL
x                                       float               20.5                8              20             NULL
t2                                      float               20.5                8              28             NULL
t3                                      int                 3                   4              36             NULL
t4                                      int                                     4              40             NULL
t5                                      int                                     4              44             NULL
t6                                      int                 10                  4              48             NULL
t7                                      int                                     4              52             NULL
t8                                      ptr(int)                                4              56             NULL
t9                                      ptr(int)                                4              60             NULL
t10                                     void                                    0              64             NULL
----------------------------------------------------------------------------------------------------------------------------------

