
________________________________________________________________________________________________________________________
THREE ADDRESS CODE (TAC): 
________________________________________________________________________________________________________________________
0:     t0 = 0
1:     x = t0

2: main: 
3:     t0 = 4
4:     t1 = 4
5:     t2 = 4
6:     n = t2
7:     t3 = 0
8:     i = t3
9:     t5 = 3
10:     a = t5
11:     t6 = 2
12:     r = t6

13: main.WHILE$0: 
14:     t0 = 4
15:     if i < t0 goto 17
16:     goto 35

17: main.WHILE$0.FOR$1: 
18:     t0 = 0
19:     j = t0
20:     t2 = 4
21:     if j < t2 goto 26
22:     goto 32
23:     t3 = j
24:     j = j + 1
25:     goto 20
26:     t4 = i * 16
27:     t6 = j * 4
28:     t5 = t4 + t6
29:     matrux[t5] = a
30:     a = r
31:     goto 23
32:     t1 = i
33:     i = i + 1
34:     goto 14
35:     t7 = 3
36:     i = t7
37:     t9 = i * 16
38:     t11 = i * 4
39:     t10 = t9 + t11
40:     t12 = 0
41:     matrux[t10] = t12
42:     t14 = i
43:     i = i - 1
44:     t15 = 0
45:     if i != t15 goto 37
46:     goto 47
47:     t16 = 0
48:     sum = t16

49: main.FOR$2: 
50:     t0 = 0
51:     i = t0
52:     t2 = 4
53:     if i < t2 goto 58
54:     goto 74
55:     t3 = i
56:     i = i + 1
57:     goto 52

58: main.FOR$2.FOR$3: 
59:     t0 = 3
60:     j = t0
61:     t2 = 0
62:     if j >= t2 goto 67
63:     goto 55
64:     t3 = j
65:     j = j - 1
66:     goto 61
67:     t4 = i * 16
68:     t6 = j * 4
69:     t5 = t4 + t6
70:     t7 = matrux[t5]
71:     sum = t7
72:     goto 64
73:     goto 55
74:     t17 = int2float(sum)
75:     t18 = 16
76:     t19 = float2int(t17)
77:     t20 = t19 / t18
78:     t21 = int2float(t20)
79:     avg = t21
80:     param t22
81:     param avg
82:     t23 = call printf, 2
83:     t24 = 0
84:     return t24
__________________________________________________________________________________________________________________________________
__________________________________________________________________________________________________________________________________
Table Name: Global                                                Parent Name: NULL
__________________________________________________________________________________________________________________________________
Name                                    Type                Initial Value       Size           Offset         Nested
                                                                                                    
x                                       int                 0                   4              0              NULL
t0                                      int                 0                   4              4              NULL
main                                    int                 -                   4              8              main
----------------------------------------------------------------------------------------------------------------------------------

__________________________________________________________________________________________________________________________________
Table Name: main                                                  Parent Name: Global
__________________________________________________________________________________________________________________________________
Name                                    Type                Initial Value       Size           Offset         Nested
                                                                                                    
return                                  int                 -                   4              0              NULL
matrux                                  arr(4,arr(4,int))   -                   64             4              NULL
t0                                      int                 4                   4              68             NULL
t1                                      int                 4                   4              72             NULL
i                                       int                 -                   4              76             NULL
j                                       int                 -                   4              80             NULL
k                                       int                 -                   4              84             NULL
n                                       int                 4                   4              88             NULL
t2                                      int                 4                   4              92             NULL
t3                                      int                 0                   4              96             NULL
t4                                      int                                     4              100            NULL
a                                       int                 3                   4              104            NULL
t5                                      int                 3                   4              108            NULL
r                                       int                 2                   4              112            NULL
t6                                      int                 2                   4              116            NULL
main.WHILE$0                            block               -                   4              120            main.WHILE$0
t7                                      int                 3                   4              124            NULL
t8                                      int                                     4              128            NULL
t9                                      int                                     4              132            NULL
t10                                     int                                     4              136            NULL
t11                                     int                                     4              140            NULL
t12                                     int                 0                   4              144            NULL
t13                                     int                                     4              148            NULL
t14                                     int                                     4              152            NULL
t15                                     int                 0                   4              156            NULL
sum                                     int                 0                   4              160            NULL
t16                                     int                 0                   4              164            NULL
avg                                     float               -                   8              168            NULL
main.FOR$2                              block               -                   4              176            main.FOR$2
t17                                     float                                   8              180            NULL
t18                                     int                 16                  4              188            NULL
t19                                     int                                     4              192            NULL
t20                                     int                                     4              196            NULL
t21                                     float                                   8              200            NULL
printf                                  int                 -                   4              208            NULL
t22                                     ptr(char)           "average: %d"       4              212            NULL
t23                                     int                                     4              216            NULL
t24                                     int                 0                   4              220            NULL
----------------------------------------------------------------------------------------------------------------------------------

__________________________________________________________________________________________________________________________________
Table Name: main.WHILE$0                                          Parent Name: main
__________________________________________________________________________________________________________________________________
Name                                    Type                Initial Value       Size           Offset         Nested
                                                                                                    
t0                                      int                 4                   4              0              NULL
main.WHILE$0.FOR$1                      block               -                   4              4              main.WHILE$0.FOR$1
t1                                      int                                     4              8              NULL
----------------------------------------------------------------------------------------------------------------------------------

__________________________________________________________________________________________________________________________________
Table Name: main.WHILE$0.FOR$1                                    Parent Name: main.WHILE$0
__________________________________________________________________________________________________________________________________
Name                                    Type                Initial Value       Size           Offset         Nested
                                                                                                    
t0                                      int                 0                   4              0              NULL
t1                                      int                                     4              4              NULL
t2                                      int                 4                   4              8              NULL
t3                                      int                                     4              12             NULL
t4                                      int                                     4              16             NULL
t5                                      int                                     4              20             NULL
t6                                      int                                     4              24             NULL
t7                                      int                                     4              28             NULL
t8                                      int                                     4              32             NULL
----------------------------------------------------------------------------------------------------------------------------------

__________________________________________________________________________________________________________________________________
Table Name: main.FOR$2                                            Parent Name: main
__________________________________________________________________________________________________________________________________
Name                                    Type                Initial Value       Size           Offset         Nested
                                                                                                    
t0                                      int                 0                   4              0              NULL
t1                                      int                                     4              4              NULL
t2                                      int                 4                   4              8              NULL
t3                                      int                                     4              12             NULL
main.FOR$2.FOR$3                        block               -                   4              16             main.FOR$2.FOR$3
----------------------------------------------------------------------------------------------------------------------------------

__________________________________________________________________________________________________________________________________
Table Name: main.FOR$2.FOR$3                                      Parent Name: main.FOR$2
__________________________________________________________________________________________________________________________________
Name                                    Type                Initial Value       Size           Offset         Nested
                                                                                                    
t0                                      int                 3                   4              0              NULL
t1                                      int                                     4              4              NULL
t2                                      int                 0                   4              8              NULL
t3                                      int                                     4              12             NULL
t4                                      int                                     4              16             NULL
t5                                      int                                     4              20             NULL
t6                                      int                                     4              24             NULL
t7                                      int                                     4              28             NULL
t8                                      int                                     4              32             NULL
----------------------------------------------------------------------------------------------------------------------------------

