
________________________________________________________________________________________________________________________
THREE ADDRESS CODE (TAC): 
________________________________________________________________________________________________________________________

0: maxDivide: 

1: maxDivide.WHILE$0: 
2:     t0 = a % b
3:     t1 = 0
4:     if t0 == t1 goto 6
5:     goto 9
6:     t2 = a / b
7:     a = t2
8:     goto 2
9:     return a

10: isUgly: 
11:     param no
12:     t0 = 2
13:     param t0
14:     t1 = call maxDivide, 2
15:     no = t1
16:     param no
17:     t3 = 3
18:     param t3
19:     t4 = call maxDivide, 2
20:     no = t4
21:     param no
22:     t6 = 5
23:     param t6
24:     t7 = call maxDivide, 2
25:     no = t7
26:     t9 = 1
27:     if no == t9 goto 30
28:     goto 34
29:     goto 34

30: isUgly.$0: 
31:     t0 = 1
32:     return t0
33:     goto 34
34:     t10 = 0
35:     return t10

36: getNthUglyNo: 
37:     t0 = 1
38:     i = t0
39:     t1 = 1
40:     count = t1

41: getNthUglyNo.WHILE$0: 
42:     if n > count goto 44
43:     goto 55
44:     t0 = i
45:     i = i + 1
46:     param i
47:     t1 = call isUgly, 1
48:     goto 52
49:     t2 = count
50:     count = count + 1
51:     goto 42
52:     if t1 == 0 goto 42
53:     goto 49
54:     goto 42
55:     return i

56: main: 
57:     t0 = 15
58:     param t0
59:     t1 = call getNthUglyNo, 1
60:     n = t1
61:     t2 = 0
62:     return t2
__________________________________________________________________________________________________________________________________
__________________________________________________________________________________________________________________________________
Table Name: Global                                                Parent Name: NULL
__________________________________________________________________________________________________________________________________
Name                                    Type                Initial Value       Size           Offset         Nested
                                                                                                    
maxDivide                               int                 -                   4              0              maxDivide
isUgly                                  int                 -                   4              4              isUgly
getNthUglyNo                            int                 -                   4              8              getNthUglyNo
main                                    int                 -                   4              12             main
----------------------------------------------------------------------------------------------------------------------------------

__________________________________________________________________________________________________________________________________
Table Name: maxDivide                                             Parent Name: Global
__________________________________________________________________________________________________________________________________
Name                                    Type                Initial Value       Size           Offset         Nested
                                                                                                    
a                                       int                 -                   4              0              NULL
b                                       int                 -                   4              4              NULL
return                                  int                 -                   4              8              NULL
maxDivide.WHILE$0                       block               -                   4              12             maxDivide.WHILE$0
----------------------------------------------------------------------------------------------------------------------------------

__________________________________________________________________________________________________________________________________
Table Name: maxDivide.WHILE$0                                     Parent Name: maxDivide
__________________________________________________________________________________________________________________________________
Name                                    Type                Initial Value       Size           Offset         Nested
                                                                                                    
t0                                      int                                     4              0              NULL
t1                                      int                 0                   4              4              NULL
t2                                      int                                     4              8              NULL
t3                                      int                                     4              12             NULL
----------------------------------------------------------------------------------------------------------------------------------

__________________________________________________________________________________________________________________________________
Table Name: isUgly                                                Parent Name: Global
__________________________________________________________________________________________________________________________________
Name                                    Type                Initial Value       Size           Offset         Nested
                                                                                                    
no                                      int                 -                   4              0              NULL
return                                  int                 -                   4              4              NULL
t0                                      int                 2                   4              8              NULL
t1                                      int                                     4              12             NULL
t2                                      int                                     4              16             NULL
t3                                      int                 3                   4              20             NULL
t4                                      int                                     4              24             NULL
t5                                      int                                     4              28             NULL
t6                                      int                 5                   4              32             NULL
t7                                      int                                     4              36             NULL
t8                                      int                                     4              40             NULL
t9                                      int                 1                   4              44             NULL
isUgly.$0                               block               -                   4              48             isUgly.$0
t10                                     int                 0                   4              52             NULL
----------------------------------------------------------------------------------------------------------------------------------

__________________________________________________________________________________________________________________________________
Table Name: isUgly.$0                                             Parent Name: isUgly
__________________________________________________________________________________________________________________________________
Name                                    Type                Initial Value       Size           Offset         Nested
                                                                                                    
t0                                      int                 1                   4              0              NULL
----------------------------------------------------------------------------------------------------------------------------------

__________________________________________________________________________________________________________________________________
Table Name: getNthUglyNo                                          Parent Name: Global
__________________________________________________________________________________________________________________________________
Name                                    Type                Initial Value       Size           Offset         Nested
                                                                                                    
n                                       int                 -                   4              0              NULL
return                                  int                 -                   4              4              NULL
i                                       int                 1                   4              8              NULL
t0                                      int                 1                   4              12             NULL
count                                   int                 1                   4              16             NULL
t1                                      int                 1                   4              20             NULL
getNthUglyNo.WHILE$0                    block               -                   4              24             getNthUglyNo.WHILE$0
----------------------------------------------------------------------------------------------------------------------------------

__________________________________________________________________________________________________________________________________
Table Name: getNthUglyNo.WHILE$0                                  Parent Name: getNthUglyNo
__________________________________________________________________________________________________________________________________
Name                                    Type                Initial Value       Size           Offset         Nested
                                                                                                    
t0                                      int                                     4              0              NULL
t1                                      int                                     4              4              NULL
t2                                      int                                     4              8              NULL
----------------------------------------------------------------------------------------------------------------------------------

__________________________________________________________________________________________________________________________________
Table Name: main                                                  Parent Name: Global
__________________________________________________________________________________________________________________________________
Name                                    Type                Initial Value       Size           Offset         Nested
                                                                                                    
return                                  int                 -                   4              0              NULL
n                                       int                 -                   4              4              NULL
t0                                      int                 15                  4              8              NULL
t1                                      int                                     4              12             NULL
t2                                      int                 0                   4              16             NULL
----------------------------------------------------------------------------------------------------------------------------------

